\BOOKMARK [1][-]{section.1}{Product Idea}{}% 1
\BOOKMARK [2][-]{subsection.1.1}{Original Note \(The Napkin\)}{section.1}% 2
\BOOKMARK [2][-]{subsection.1.2}{Value Proposition}{section.1}% 3
\BOOKMARK [2][-]{subsection.1.3}{Unfair Advantage}{section.1}% 4
\BOOKMARK [1][-]{section.2}{Market Analysis}{}% 5
\BOOKMARK [2][-]{subsection.2.1}{Market Size}{section.2}% 6
\BOOKMARK [2][-]{subsection.2.2}{Ways to scale the income up}{section.2}% 7
\BOOKMARK [2][-]{subsection.2.3}{Niche \046 Competitors}{section.2}% 8
\BOOKMARK [2][-]{subsection.2.4}{The Five Closest Competitors}{section.2}% 9
\BOOKMARK [2][-]{subsection.2.5}{USPs of Cocoalytics}{section.2}% 10
\BOOKMARK [1][-]{section.3}{Customer Analysis}{}% 11
\BOOKMARK [2][-]{subsection.3.1}{Search Term Prediction}{section.3}% 12
\BOOKMARK [2][-]{subsection.3.2}{Communication and Problems}{section.3}% 13
\BOOKMARK [2][-]{subsection.3.3}{Customer Survey}{section.3}% 14
\BOOKMARK [1][-]{section.4}{Product Ecosystem}{}% 15
\BOOKMARK [2][-]{subsection.4.1}{Free Products}{section.4}% 16
\BOOKMARK [2][-]{subsection.4.2}{Products for Prospects}{section.4}% 17
\BOOKMARK [2][-]{subsection.4.3}{Core Product}{section.4}% 18
\BOOKMARK [2][-]{subsection.4.4}{Success Path}{section.4}% 19
\BOOKMARK [1][-]{section.5}{Product Pitch}{}% 20
\BOOKMARK [2][-]{subsection.5.1}{Pitch for LRBA application}{section.5}% 21
\BOOKMARK [2][-]{subsection.5.2}{Iteration 2}{section.5}% 22
\BOOKMARK [2][-]{subsection.5.3}{Iteration 3}{section.5}% 23
\BOOKMARK [2][-]{subsection.5.4}{Iteration 4}{section.5}% 24
\BOOKMARK [1][-]{section.6}{Notes on Raising Capital}{}% 25
